Arguments: 
  /usr/local/bin/node /usr/local/bin/yarn install

PATH: 
  /usr/local/bin:/usr/bin:/bin:/usr/sbin:/sbin:/Library/Apple/usr/bin:/Applications/Wireshark.app/Contents/MacOS:/Applications/Postgres.app/Contents/Versions/latest/bin

Yarn version: 
  1.22.10

Node version: 
  14.15.4

Platform: 
  darwin x64

Trace: 
  SyntaxError: /Users/nourahalsuwailih/Desktop/Development/Goal-Keeper-frontEnd/package.json: Unexpected token < in JSON at position 239
      at JSON.parse (<anonymous>)
      at /usr/local/lib/node_modules/yarn/lib/cli.js:1625:59
      at Generator.next (<anonymous>)
      at step (/usr/local/lib/node_modules/yarn/lib/cli.js:310:30)
      at /usr/local/lib/node_modules/yarn/lib/cli.js:321:13

npm manifest: 
  {
    "main": "node_modules/expo/AppEntry.js",
    "scripts": {
      "start": "expo start",
      "android": "expo start --android",
      "ios": "expo start --ios",
      "web": "expo start --web",
      "eject": "expo eject"
    },
    "dependencies": {
  <<<<<<< HEAD
      "@expo/vector-icons": "^12.0.4",
      "@react-native-async-storage/async-storage": "^1.15.2",
      "@react-native-community/datetimepicker": "3.2.0",
      "@react-navigation/stack": "^5.14.4",
      "@react-native-community/masked-view": "^0.1.10",
      "@react-navigation/bottom-tabs": "^5.11.10",
  =======
      "@react-native-community/masked-view": "0.1.10",
  >>>>>>> origin/HabitListANDFeedbackListWithCreateANDdelete
      "@react-navigation/native": "^5.9.4",
      "@react-navigation/stack": "^5.14.4",
      "axios": "^0.21.1",
      "expo": "~41.0.0",
      "expo-status-bar": "~1.0.4",
      "jwt-decode": "^3.1.2",
      "mobx": "^6.2.0",
      "mobx-react": "^7.1.0",
      "native-base": "^2.15.2",
      "react": "16.13.1",
      "react-dom": "16.13.1",
      "react-native": "https://github.com/expo/react-native/archive/sdk-41.0.0.tar.gz",
  <<<<<<< HEAD
      "react-native-vector-icons": "^8.1.0",
      "react-native-gesture-handler": "^1.10.3",
      "react-native-reanimated": "^2.1.0",
      "react-native-safe-area-context": "3.2.0",
      "react-native-screens": "^3.1.1",
      "react-native-web": "~0.13.12"
  =======
      "react-native-gesture-handler": "~1.10.2",
      "react-native-reanimated": "~2.1.0",
      "react-native-safe-area-context": "3.2.0",
      "react-native-screens": "~3.0.0",
      "react-native-web": "~0.13.12",
      "styled-components": "^5.2.3"
  >>>>>>> origin/HabitListANDFeedbackListWithCreateANDdelete
    },
    "devDependencies": {
      "@babel/core": "^7.9.0"
    },
    "private": true
  }

yarn manifest: 
  No manifest

Lockfile: 
  No lockfile
